...found 9 targets...
...updating 3 targets...
common.mkdir libs/config/checks/architecture/bin/clang-darwin-4.2.1
common.mkdir libs/config/checks/architecture/bin/clang-darwin-4.2.1/debug
clang-darwin.compile.c++ libs/config/checks/architecture/bin/clang-darwin-4.2.1/debug/32.o
libs/config/checks/architecture/32.cpp:9:10: error: 'test' declared as an array with a negative size
int test[sizeof(void*) == 4? 1 : -1];
         ^~~~~~~~~~~~~~~~~~~~~~~~~~
1 error generated.

    "clang++" -x c++ -O0 -g -O0 -fno-inline -Wall -g   -c -o "libs/config/checks/architecture/bin/clang-darwin-4.2.1/debug/32.o" "libs/config/checks/architecture/32.cpp"

...failed clang-darwin.compile.c++ libs/config/checks/architecture/bin/clang-darwin-4.2.1/debug/32.o...
...failed updating 1 target...
...updated 2 targets...
...found 2 targets...
...updating 1 target...
clang-darwin.compile.c++ libs/config/checks/architecture/bin/clang-darwin-4.2.1/debug/64.o
...updated 1 target...
...found 2 targets...
...updating 1 target...
clang-darwin.compile.c++ libs/config/checks/architecture/bin/clang-darwin-4.2.1/debug/arm.o
libs/config/checks/architecture/arm.cpp:13:2: error: "Not ARM"
#error "Not ARM"
 ^
1 error generated.

    "clang++" -x c++ -O0 -g -O0 -fno-inline -Wall -g   -c -o "libs/config/checks/architecture/bin/clang-darwin-4.2.1/debug/arm.o" "libs/config/checks/architecture/arm.cpp"

...failed clang-darwin.compile.c++ libs/config/checks/architecture/bin/clang-darwin-4.2.1/debug/arm.o...
...failed updating 1 target...
...found 2 targets...
...updating 1 target...
clang-darwin.compile.c++ libs/config/checks/architecture/bin/clang-darwin-4.2.1/debug/mips1.o
libs/config/checks/architecture/mips1.cpp:10:2: error: "Not MIPS1"
#error "Not MIPS1"
 ^
1 error generated.

    "clang++" -x c++ -O0 -g -O0 -fno-inline -Wall -g   -c -o "libs/config/checks/architecture/bin/clang-darwin-4.2.1/debug/mips1.o" "libs/config/checks/architecture/mips1.cpp"

...failed clang-darwin.compile.c++ libs/config/checks/architecture/bin/clang-darwin-4.2.1/debug/mips1.o...
...failed updating 1 target...
...found 2 targets...
...updating 1 target...
clang-darwin.compile.c++ libs/config/checks/architecture/bin/clang-darwin-4.2.1/debug/power.o
libs/config/checks/architecture/power.cpp:13:2: error: "Not PPC"
#error "Not PPC"
 ^
1 error generated.

    "clang++" -x c++ -O0 -g -O0 -fno-inline -Wall -g   -c -o "libs/config/checks/architecture/bin/clang-darwin-4.2.1/debug/power.o" "libs/config/checks/architecture/power.cpp"

...failed clang-darwin.compile.c++ libs/config/checks/architecture/bin/clang-darwin-4.2.1/debug/power.o...
...failed updating 1 target...
...found 2 targets...
...updating 1 target...
clang-darwin.compile.c++ libs/config/checks/architecture/bin/clang-darwin-4.2.1/debug/sparc.o
libs/config/checks/architecture/sparc.cpp:10:2: error: "Not SPARC"
#error "Not SPARC"
 ^
1 error generated.

    "clang++" -x c++ -O0 -g -O0 -fno-inline -Wall -g   -c -o "libs/config/checks/architecture/bin/clang-darwin-4.2.1/debug/sparc.o" "libs/config/checks/architecture/sparc.cpp"

...failed clang-darwin.compile.c++ libs/config/checks/architecture/bin/clang-darwin-4.2.1/debug/sparc.o...
...failed updating 1 target...
...found 2 targets...
...updating 1 target...
clang-darwin.compile.c++ libs/config/checks/architecture/bin/clang-darwin-4.2.1/debug/x86.o
...updated 1 target...
...found 3 targets...
...found 10 targets...
...updating 4 targets...
common.mkdir bin.v2/standalone/ac/clang-darwin-4.2.1
common.mkdir bin.v2/standalone/ac/clang-darwin-4.2.1/release
common.mkdir bin.v2/standalone/ac/clang-darwin-4.2.1/release/threading-multi
clang-darwin.compile.c++ bin.v2/standalone/ac/clang-darwin-4.2.1/release/threading-multi/zlib_h.o
...updated 4 targets...
...found 5 targets...
...updating 2 targets...
clang-darwin.compile.c++ bin.v2/standalone/ac/clang-darwin-4.2.1/release/threading-multi/main-z.o
clang-darwin.link bin.v2/standalone/ac/clang-darwin-4.2.1/release/threading-multi/z
...updated 2 targets...
...found 5 targets...
...updating 1 target...
clang-darwin.compile.c++ bin.v2/standalone/ac/clang-darwin-4.2.1/release/threading-multi/bzlib_h.o
...updated 1 target...
...found 5 targets...
...updating 2 targets...
clang-darwin.compile.c++ bin.v2/standalone/ac/clang-darwin-4.2.1/release/threading-multi/main-bz2.o
clang-darwin.link bin.v2/standalone/ac/clang-darwin-4.2.1/release/threading-multi/bz2
...updated 2 targets...
...patience...
...found 208 targets...
...updating 10 targets...
common.mkdir bin.v2/libs/thread/build/clang-darwin-4.2.1
common.mkdir bin.v2/libs/thread/build/clang-darwin-4.2.1/debug
common.mkdir bin.v2/libs/thread/build/clang-darwin-4.2.1/debug/threading-multi
clang-darwin.compile.c++ bin.v2/libs/thread/build/clang-darwin-4.2.1/debug/threading-multi/has_atomic_flag_lockfree_test.o
common.mkdir bin.v2/libs/system/build/clang-darwin-4.2.1
common.mkdir bin.v2/libs/system/build/clang-darwin-4.2.1/debug
common.mkdir bin.v2/libs/system/build/clang-darwin-4.2.1/debug/threading-multi
clang-darwin.compile.c++ bin.v2/libs/system/build/clang-darwin-4.2.1/debug/threading-multi/error_code.o
clang-darwin.link.dll bin.v2/libs/system/build/clang-darwin-4.2.1/debug/threading-multi/libboost_system.dylib
clang-darwin.link bin.v2/libs/thread/build/clang-darwin-4.2.1/debug/threading-multi/has_atomic_flag_lockfree
...updated 10 targets...
...found 3 targets...
...updating 3 targets...
common.mkdir bin.v2/standalone/ac/clang-darwin-4.2.1/release/link-static
common.mkdir bin.v2/standalone/ac/clang-darwin-4.2.1/release/link-static/threading-multi
clang-darwin.compile.c++ bin.v2/standalone/ac/clang-darwin-4.2.1/release/link-static/threading-multi/zlib_h.o
...updated 3 targets...
...found 2 targets...
...updating 2 targets...
clang-darwin.compile.c++ bin.v2/standalone/ac/clang-darwin-4.2.1/release/link-static/threading-multi/main-z.o
clang-darwin.link bin.v2/standalone/ac/clang-darwin-4.2.1/release/link-static/threading-multi/z
...updated 2 targets...
...found 1 target...
...updating 1 target...
clang-darwin.compile.c++ bin.v2/standalone/ac/clang-darwin-4.2.1/release/link-static/threading-multi/bzlib_h.o
...updated 1 target...
...found 2 targets...
...updating 2 targets...
clang-darwin.compile.c++ bin.v2/standalone/ac/clang-darwin-4.2.1/release/link-static/threading-multi/main-bz2.o
clang-darwin.link bin.v2/standalone/ac/clang-darwin-4.2.1/release/link-static/threading-multi/bz2
...updated 2 targets...
...found 1 target...
...updating 1 target...
config-cache.write bin.v2/project-cache.jam
...updated 1 target...
