The system is: Darwin - 15.6.0 - x86_64
Compiling the C compiler identification source file "CMakeCCompilerId.c" succeeded.
Compiler: /Applications/Xcode.app/Contents/Developer/Toolchains/XcodeDefault.xctoolchain/usr/bin/cc 
Build flags: 
Id flags:  

The output was:
0


Compilation of the C compiler identification source "CMakeCCompilerId.c" produced "a.out"

The C compiler identification is AppleClang, found in "/Users/bond/braid/webkit/CMakeFiles/3.8.1/CompilerIdC/a.out"

Compiling the CXX compiler identification source file "CMakeCXXCompilerId.cpp" succeeded.
Compiler: /Applications/Xcode.app/Contents/Developer/Toolchains/XcodeDefault.xctoolchain/usr/bin/c++ 
Build flags: 
Id flags:  

The output was:
0


Compilation of the CXX compiler identification source "CMakeCXXCompilerId.cpp" produced "a.out"

The CXX compiler identification is AppleClang, found in "/Users/bond/braid/webkit/CMakeFiles/3.8.1/CompilerIdCXX/a.out"

Determining if the C compiler works passed with the following output:
Change Dir: /Users/bond/braid/webkit/CMakeFiles/CMakeTmp

Run Build Command:"/usr/bin/make" "cmTC_8fa5a/fast"
/Applications/Xcode.app/Contents/Developer/usr/bin/make -f CMakeFiles/cmTC_8fa5a.dir/build.make CMakeFiles/cmTC_8fa5a.dir/build
Building C object CMakeFiles/cmTC_8fa5a.dir/testCCompiler.c.o
/Applications/Xcode.app/Contents/Developer/Toolchains/XcodeDefault.xctoolchain/usr/bin/cc    -o CMakeFiles/cmTC_8fa5a.dir/testCCompiler.c.o   -c /Users/bond/braid/webkit/CMakeFiles/CMakeTmp/testCCompiler.c
Linking C executable cmTC_8fa5a
/usr/local/Cellar/cmake/3.8.1/bin/cmake -E cmake_link_script CMakeFiles/cmTC_8fa5a.dir/link.txt --verbose=1
/Applications/Xcode.app/Contents/Developer/Toolchains/XcodeDefault.xctoolchain/usr/bin/cc   -Wl,-search_paths_first -Wl,-headerpad_max_install_names   CMakeFiles/cmTC_8fa5a.dir/testCCompiler.c.o  -o cmTC_8fa5a 


Detecting C compiler ABI info compiled with the following output:
Change Dir: /Users/bond/braid/webkit/CMakeFiles/CMakeTmp

Run Build Command:"/usr/bin/make" "cmTC_8605a/fast"
/Applications/Xcode.app/Contents/Developer/usr/bin/make -f CMakeFiles/cmTC_8605a.dir/build.make CMakeFiles/cmTC_8605a.dir/build
Building C object CMakeFiles/cmTC_8605a.dir/CMakeCCompilerABI.c.o
/Applications/Xcode.app/Contents/Developer/Toolchains/XcodeDefault.xctoolchain/usr/bin/cc    -o CMakeFiles/cmTC_8605a.dir/CMakeCCompilerABI.c.o   -c /usr/local/Cellar/cmake/3.8.1/share/cmake/Modules/CMakeCCompilerABI.c
Linking C executable cmTC_8605a
/usr/local/Cellar/cmake/3.8.1/bin/cmake -E cmake_link_script CMakeFiles/cmTC_8605a.dir/link.txt --verbose=1
/Applications/Xcode.app/Contents/Developer/Toolchains/XcodeDefault.xctoolchain/usr/bin/cc   -Wl,-search_paths_first -Wl,-headerpad_max_install_names  -v -Wl,-v CMakeFiles/cmTC_8605a.dir/CMakeCCompilerABI.c.o  -o cmTC_8605a 
Apple LLVM version 8.0.0 (clang-800.0.42.1)
Target: x86_64-apple-darwin15.6.0
Thread model: posix
InstalledDir: /Applications/Xcode.app/Contents/Developer/Toolchains/XcodeDefault.xctoolchain/usr/bin
 "/Applications/Xcode.app/Contents/Developer/Toolchains/XcodeDefault.xctoolchain/usr/bin/ld" -demangle -dynamic -arch x86_64 -macosx_version_min 10.11.0 -o cmTC_8605a -search_paths_first -headerpad_max_install_names -v CMakeFiles/cmTC_8605a.dir/CMakeCCompilerABI.c.o -lSystem /Applications/Xcode.app/Contents/Developer/Toolchains/XcodeDefault.xctoolchain/usr/bin/../lib/clang/8.0.0/lib/darwin/libclang_rt.osx.a
@(#)PROGRAM:ld  PROJECT:ld64-274.2
configured to support archs: armv6 armv7 armv7s arm64 i386 x86_64 x86_64h armv6m armv7k armv7m armv7em (tvOS)
Library search paths:
	/usr/lib
	/usr/local/lib
Framework search paths:
	/Library/Frameworks/
	/System/Library/Frameworks/


Parsed C implicit link information from above output:
  link line regex: [^( *|.*[/\])(ld|([^/\]+-)?ld|collect2)[^/\]*( |$)]
  ignore line: [Change Dir: /Users/bond/braid/webkit/CMakeFiles/CMakeTmp]
  ignore line: []
  ignore line: [Run Build Command:"/usr/bin/make" "cmTC_8605a/fast"]
  ignore line: [/Applications/Xcode.app/Contents/Developer/usr/bin/make -f CMakeFiles/cmTC_8605a.dir/build.make CMakeFiles/cmTC_8605a.dir/build]
  ignore line: [Building C object CMakeFiles/cmTC_8605a.dir/CMakeCCompilerABI.c.o]
  ignore line: [/Applications/Xcode.app/Contents/Developer/Toolchains/XcodeDefault.xctoolchain/usr/bin/cc    -o CMakeFiles/cmTC_8605a.dir/CMakeCCompilerABI.c.o   -c /usr/local/Cellar/cmake/3.8.1/share/cmake/Modules/CMakeCCompilerABI.c]
  ignore line: [Linking C executable cmTC_8605a]
  ignore line: [/usr/local/Cellar/cmake/3.8.1/bin/cmake -E cmake_link_script CMakeFiles/cmTC_8605a.dir/link.txt --verbose=1]
  ignore line: [/Applications/Xcode.app/Contents/Developer/Toolchains/XcodeDefault.xctoolchain/usr/bin/cc   -Wl,-search_paths_first -Wl,-headerpad_max_install_names  -v -Wl,-v CMakeFiles/cmTC_8605a.dir/CMakeCCompilerABI.c.o  -o cmTC_8605a ]
  ignore line: [Apple LLVM version 8.0.0 (clang-800.0.42.1)]
  ignore line: [Target: x86_64-apple-darwin15.6.0]
  ignore line: [Thread model: posix]
  ignore line: [InstalledDir: /Applications/Xcode.app/Contents/Developer/Toolchains/XcodeDefault.xctoolchain/usr/bin]
  link line: [ "/Applications/Xcode.app/Contents/Developer/Toolchains/XcodeDefault.xctoolchain/usr/bin/ld" -demangle -dynamic -arch x86_64 -macosx_version_min 10.11.0 -o cmTC_8605a -search_paths_first -headerpad_max_install_names -v CMakeFiles/cmTC_8605a.dir/CMakeCCompilerABI.c.o -lSystem /Applications/Xcode.app/Contents/Developer/Toolchains/XcodeDefault.xctoolchain/usr/bin/../lib/clang/8.0.0/lib/darwin/libclang_rt.osx.a]
    arg [/Applications/Xcode.app/Contents/Developer/Toolchains/XcodeDefault.xctoolchain/usr/bin/ld] ==> ignore
    arg [-demangle] ==> ignore
    arg [-dynamic] ==> ignore
    arg [-arch] ==> ignore
    arg [x86_64] ==> ignore
    arg [-macosx_version_min] ==> ignore
    arg [10.11.0] ==> ignore
    arg [-o] ==> ignore
    arg [cmTC_8605a] ==> ignore
    arg [-search_paths_first] ==> ignore
    arg [-headerpad_max_install_names] ==> ignore
    arg [-v] ==> ignore
    arg [CMakeFiles/cmTC_8605a.dir/CMakeCCompilerABI.c.o] ==> ignore
    arg [-lSystem] ==> lib [System]
    arg [/Applications/Xcode.app/Contents/Developer/Toolchains/XcodeDefault.xctoolchain/usr/bin/../lib/clang/8.0.0/lib/darwin/libclang_rt.osx.a] ==> lib [/Applications/Xcode.app/Contents/Developer/Toolchains/XcodeDefault.xctoolchain/usr/bin/../lib/clang/8.0.0/lib/darwin/libclang_rt.osx.a]
  Library search paths: [;/usr/lib;/usr/local/lib]
  Framework search paths: [;/Library/Frameworks/;/System/Library/Frameworks/]
  remove lib [System]
  remove lib [/Applications/Xcode.app/Contents/Developer/Toolchains/XcodeDefault.xctoolchain/usr/bin/../lib/clang/8.0.0/lib/darwin/libclang_rt.osx.a]
  collapse library dir [/usr/lib] ==> [/usr/lib]
  collapse library dir [/usr/local/lib] ==> [/usr/local/lib]
  collapse framework dir [/Library/Frameworks/] ==> [/Library/Frameworks]
  collapse framework dir [/System/Library/Frameworks/] ==> [/System/Library/Frameworks]
  implicit libs: []
  implicit dirs: [/usr/lib;/usr/local/lib]
  implicit fwks: [/Library/Frameworks;/System/Library/Frameworks]




Detecting C [-std=c11] compiler features compiled with the following output:
Change Dir: /Users/bond/braid/webkit/CMakeFiles/CMakeTmp

Run Build Command:"/usr/bin/make" "cmTC_e59e1/fast"
/Applications/Xcode.app/Contents/Developer/usr/bin/make -f CMakeFiles/cmTC_e59e1.dir/build.make CMakeFiles/cmTC_e59e1.dir/build
Building C object CMakeFiles/cmTC_e59e1.dir/feature_tests.c.o
/Applications/Xcode.app/Contents/Developer/Toolchains/XcodeDefault.xctoolchain/usr/bin/cc   -std=c11 -o CMakeFiles/cmTC_e59e1.dir/feature_tests.c.o   -c /Users/bond/braid/webkit/CMakeFiles/feature_tests.c
Linking C executable cmTC_e59e1
/usr/local/Cellar/cmake/3.8.1/bin/cmake -E cmake_link_script CMakeFiles/cmTC_e59e1.dir/link.txt --verbose=1
/Applications/Xcode.app/Contents/Developer/Toolchains/XcodeDefault.xctoolchain/usr/bin/cc   -Wl,-search_paths_first -Wl,-headerpad_max_install_names   CMakeFiles/cmTC_e59e1.dir/feature_tests.c.o  -o cmTC_e59e1 


    Feature record: C_FEATURE:1c_function_prototypes
    Feature record: C_FEATURE:1c_restrict
    Feature record: C_FEATURE:1c_static_assert
    Feature record: C_FEATURE:1c_variadic_macros


Detecting C [-std=c99] compiler features compiled with the following output:
Change Dir: /Users/bond/braid/webkit/CMakeFiles/CMakeTmp

Run Build Command:"/usr/bin/make" "cmTC_ea155/fast"
/Applications/Xcode.app/Contents/Developer/usr/bin/make -f CMakeFiles/cmTC_ea155.dir/build.make CMakeFiles/cmTC_ea155.dir/build
Building C object CMakeFiles/cmTC_ea155.dir/feature_tests.c.o
/Applications/Xcode.app/Contents/Developer/Toolchains/XcodeDefault.xctoolchain/usr/bin/cc   -std=c99 -o CMakeFiles/cmTC_ea155.dir/feature_tests.c.o   -c /Users/bond/braid/webkit/CMakeFiles/feature_tests.c
Linking C executable cmTC_ea155
/usr/local/Cellar/cmake/3.8.1/bin/cmake -E cmake_link_script CMakeFiles/cmTC_ea155.dir/link.txt --verbose=1
/Applications/Xcode.app/Contents/Developer/Toolchains/XcodeDefault.xctoolchain/usr/bin/cc   -Wl,-search_paths_first -Wl,-headerpad_max_install_names   CMakeFiles/cmTC_ea155.dir/feature_tests.c.o  -o cmTC_ea155 


    Feature record: C_FEATURE:1c_function_prototypes
    Feature record: C_FEATURE:1c_restrict
    Feature record: C_FEATURE:0c_static_assert
    Feature record: C_FEATURE:1c_variadic_macros


Detecting C [-std=c90] compiler features compiled with the following output:
Change Dir: /Users/bond/braid/webkit/CMakeFiles/CMakeTmp

Run Build Command:"/usr/bin/make" "cmTC_3d163/fast"
/Applications/Xcode.app/Contents/Developer/usr/bin/make -f CMakeFiles/cmTC_3d163.dir/build.make CMakeFiles/cmTC_3d163.dir/build
Building C object CMakeFiles/cmTC_3d163.dir/feature_tests.c.o
/Applications/Xcode.app/Contents/Developer/Toolchains/XcodeDefault.xctoolchain/usr/bin/cc   -std=c90 -o CMakeFiles/cmTC_3d163.dir/feature_tests.c.o   -c /Users/bond/braid/webkit/CMakeFiles/feature_tests.c
Linking C executable cmTC_3d163
/usr/local/Cellar/cmake/3.8.1/bin/cmake -E cmake_link_script CMakeFiles/cmTC_3d163.dir/link.txt --verbose=1
/Applications/Xcode.app/Contents/Developer/Toolchains/XcodeDefault.xctoolchain/usr/bin/cc   -Wl,-search_paths_first -Wl,-headerpad_max_install_names   CMakeFiles/cmTC_3d163.dir/feature_tests.c.o  -o cmTC_3d163 


    Feature record: C_FEATURE:1c_function_prototypes
    Feature record: C_FEATURE:0c_restrict
    Feature record: C_FEATURE:0c_static_assert
    Feature record: C_FEATURE:0c_variadic_macros
Determining if the CXX compiler works passed with the following output:
Change Dir: /Users/bond/braid/webkit/CMakeFiles/CMakeTmp

Run Build Command:"/usr/bin/make" "cmTC_0cf06/fast"
/Applications/Xcode.app/Contents/Developer/usr/bin/make -f CMakeFiles/cmTC_0cf06.dir/build.make CMakeFiles/cmTC_0cf06.dir/build
Building CXX object CMakeFiles/cmTC_0cf06.dir/testCXXCompiler.cxx.o
/Applications/Xcode.app/Contents/Developer/Toolchains/XcodeDefault.xctoolchain/usr/bin/c++     -o CMakeFiles/cmTC_0cf06.dir/testCXXCompiler.cxx.o -c /Users/bond/braid/webkit/CMakeFiles/CMakeTmp/testCXXCompiler.cxx
Linking CXX executable cmTC_0cf06
/usr/local/Cellar/cmake/3.8.1/bin/cmake -E cmake_link_script CMakeFiles/cmTC_0cf06.dir/link.txt --verbose=1
/Applications/Xcode.app/Contents/Developer/Toolchains/XcodeDefault.xctoolchain/usr/bin/c++    -Wl,-search_paths_first -Wl,-headerpad_max_install_names   CMakeFiles/cmTC_0cf06.dir/testCXXCompiler.cxx.o  -o cmTC_0cf06 


Detecting CXX compiler ABI info compiled with the following output:
Change Dir: /Users/bond/braid/webkit/CMakeFiles/CMakeTmp

Run Build Command:"/usr/bin/make" "cmTC_4e945/fast"
/Applications/Xcode.app/Contents/Developer/usr/bin/make -f CMakeFiles/cmTC_4e945.dir/build.make CMakeFiles/cmTC_4e945.dir/build
Building CXX object CMakeFiles/cmTC_4e945.dir/CMakeCXXCompilerABI.cpp.o
/Applications/Xcode.app/Contents/Developer/Toolchains/XcodeDefault.xctoolchain/usr/bin/c++     -o CMakeFiles/cmTC_4e945.dir/CMakeCXXCompilerABI.cpp.o -c /usr/local/Cellar/cmake/3.8.1/share/cmake/Modules/CMakeCXXCompilerABI.cpp
Linking CXX executable cmTC_4e945
/usr/local/Cellar/cmake/3.8.1/bin/cmake -E cmake_link_script CMakeFiles/cmTC_4e945.dir/link.txt --verbose=1
/Applications/Xcode.app/Contents/Developer/Toolchains/XcodeDefault.xctoolchain/usr/bin/c++    -Wl,-search_paths_first -Wl,-headerpad_max_install_names  -v -Wl,-v CMakeFiles/cmTC_4e945.dir/CMakeCXXCompilerABI.cpp.o  -o cmTC_4e945 
Apple LLVM version 8.0.0 (clang-800.0.42.1)
Target: x86_64-apple-darwin15.6.0
Thread model: posix
InstalledDir: /Applications/Xcode.app/Contents/Developer/Toolchains/XcodeDefault.xctoolchain/usr/bin
 "/Applications/Xcode.app/Contents/Developer/Toolchains/XcodeDefault.xctoolchain/usr/bin/ld" -demangle -dynamic -arch x86_64 -macosx_version_min 10.11.0 -o cmTC_4e945 -search_paths_first -headerpad_max_install_names -v CMakeFiles/cmTC_4e945.dir/CMakeCXXCompilerABI.cpp.o -lc++ -lSystem /Applications/Xcode.app/Contents/Developer/Toolchains/XcodeDefault.xctoolchain/usr/bin/../lib/clang/8.0.0/lib/darwin/libclang_rt.osx.a
@(#)PROGRAM:ld  PROJECT:ld64-274.2
configured to support archs: armv6 armv7 armv7s arm64 i386 x86_64 x86_64h armv6m armv7k armv7m armv7em (tvOS)
Library search paths:
	/usr/lib
	/usr/local/lib
Framework search paths:
	/Library/Frameworks/
	/System/Library/Frameworks/


Parsed CXX implicit link information from above output:
  link line regex: [^( *|.*[/\])(ld|([^/\]+-)?ld|collect2)[^/\]*( |$)]
  ignore line: [Change Dir: /Users/bond/braid/webkit/CMakeFiles/CMakeTmp]
  ignore line: []
  ignore line: [Run Build Command:"/usr/bin/make" "cmTC_4e945/fast"]
  ignore line: [/Applications/Xcode.app/Contents/Developer/usr/bin/make -f CMakeFiles/cmTC_4e945.dir/build.make CMakeFiles/cmTC_4e945.dir/build]
  ignore line: [Building CXX object CMakeFiles/cmTC_4e945.dir/CMakeCXXCompilerABI.cpp.o]
  ignore line: [/Applications/Xcode.app/Contents/Developer/Toolchains/XcodeDefault.xctoolchain/usr/bin/c++     -o CMakeFiles/cmTC_4e945.dir/CMakeCXXCompilerABI.cpp.o -c /usr/local/Cellar/cmake/3.8.1/share/cmake/Modules/CMakeCXXCompilerABI.cpp]
  ignore line: [Linking CXX executable cmTC_4e945]
  ignore line: [/usr/local/Cellar/cmake/3.8.1/bin/cmake -E cmake_link_script CMakeFiles/cmTC_4e945.dir/link.txt --verbose=1]
  ignore line: [/Applications/Xcode.app/Contents/Developer/Toolchains/XcodeDefault.xctoolchain/usr/bin/c++    -Wl,-search_paths_first -Wl,-headerpad_max_install_names  -v -Wl,-v CMakeFiles/cmTC_4e945.dir/CMakeCXXCompilerABI.cpp.o  -o cmTC_4e945 ]
  ignore line: [Apple LLVM version 8.0.0 (clang-800.0.42.1)]
  ignore line: [Target: x86_64-apple-darwin15.6.0]
  ignore line: [Thread model: posix]
  ignore line: [InstalledDir: /Applications/Xcode.app/Contents/Developer/Toolchains/XcodeDefault.xctoolchain/usr/bin]
  link line: [ "/Applications/Xcode.app/Contents/Developer/Toolchains/XcodeDefault.xctoolchain/usr/bin/ld" -demangle -dynamic -arch x86_64 -macosx_version_min 10.11.0 -o cmTC_4e945 -search_paths_first -headerpad_max_install_names -v CMakeFiles/cmTC_4e945.dir/CMakeCXXCompilerABI.cpp.o -lc++ -lSystem /Applications/Xcode.app/Contents/Developer/Toolchains/XcodeDefault.xctoolchain/usr/bin/../lib/clang/8.0.0/lib/darwin/libclang_rt.osx.a]
    arg [/Applications/Xcode.app/Contents/Developer/Toolchains/XcodeDefault.xctoolchain/usr/bin/ld] ==> ignore
    arg [-demangle] ==> ignore
    arg [-dynamic] ==> ignore
    arg [-arch] ==> ignore
    arg [x86_64] ==> ignore
    arg [-macosx_version_min] ==> ignore
    arg [10.11.0] ==> ignore
    arg [-o] ==> ignore
    arg [cmTC_4e945] ==> ignore
    arg [-search_paths_first] ==> ignore
    arg [-headerpad_max_install_names] ==> ignore
    arg [-v] ==> ignore
    arg [CMakeFiles/cmTC_4e945.dir/CMakeCXXCompilerABI.cpp.o] ==> ignore
    arg [-lc++] ==> lib [c++]
    arg [-lSystem] ==> lib [System]
    arg [/Applications/Xcode.app/Contents/Developer/Toolchains/XcodeDefault.xctoolchain/usr/bin/../lib/clang/8.0.0/lib/darwin/libclang_rt.osx.a] ==> lib [/Applications/Xcode.app/Contents/Developer/Toolchains/XcodeDefault.xctoolchain/usr/bin/../lib/clang/8.0.0/lib/darwin/libclang_rt.osx.a]
  Library search paths: [;/usr/lib;/usr/local/lib]
  Framework search paths: [;/Library/Frameworks/;/System/Library/Frameworks/]
  remove lib [System]
  remove lib [/Applications/Xcode.app/Contents/Developer/Toolchains/XcodeDefault.xctoolchain/usr/bin/../lib/clang/8.0.0/lib/darwin/libclang_rt.osx.a]
  collapse library dir [/usr/lib] ==> [/usr/lib]
  collapse library dir [/usr/local/lib] ==> [/usr/local/lib]
  collapse framework dir [/Library/Frameworks/] ==> [/Library/Frameworks]
  collapse framework dir [/System/Library/Frameworks/] ==> [/System/Library/Frameworks]
  implicit libs: [c++]
  implicit dirs: [/usr/lib;/usr/local/lib]
  implicit fwks: [/Library/Frameworks;/System/Library/Frameworks]




Detecting CXX [-std=c++1z] compiler features compiled with the following output:
Change Dir: /Users/bond/braid/webkit/CMakeFiles/CMakeTmp

Run Build Command:"/usr/bin/make" "cmTC_e5d94/fast"
/Applications/Xcode.app/Contents/Developer/usr/bin/make -f CMakeFiles/cmTC_e5d94.dir/build.make CMakeFiles/cmTC_e5d94.dir/build
Building CXX object CMakeFiles/cmTC_e5d94.dir/feature_tests.cxx.o
/Applications/Xcode.app/Contents/Developer/Toolchains/XcodeDefault.xctoolchain/usr/bin/c++    -std=c++1z -o CMakeFiles/cmTC_e5d94.dir/feature_tests.cxx.o -c /Users/bond/braid/webkit/CMakeFiles/feature_tests.cxx
Linking CXX executable cmTC_e5d94
/usr/local/Cellar/cmake/3.8.1/bin/cmake -E cmake_link_script CMakeFiles/cmTC_e5d94.dir/link.txt --verbose=1
/Applications/Xcode.app/Contents/Developer/Toolchains/XcodeDefault.xctoolchain/usr/bin/c++    -Wl,-search_paths_first -Wl,-headerpad_max_install_names   CMakeFiles/cmTC_e5d94.dir/feature_tests.cxx.o  -o cmTC_e5d94 


    Feature record: CXX_FEATURE:1cxx_aggregate_default_initializers
    Feature record: CXX_FEATURE:1cxx_alias_templates
    Feature record: CXX_FEATURE:1cxx_alignas
    Feature record: CXX_FEATURE:1cxx_alignof
    Feature record: CXX_FEATURE:1cxx_attributes
    Feature record: CXX_FEATURE:1cxx_attribute_deprecated
    Feature record: CXX_FEATURE:1cxx_auto_type
    Feature record: CXX_FEATURE:1cxx_binary_literals
    Feature record: CXX_FEATURE:1cxx_constexpr
    Feature record: CXX_FEATURE:1cxx_contextual_conversions
    Feature record: CXX_FEATURE:1cxx_decltype
    Feature record: CXX_FEATURE:1cxx_decltype_auto
    Feature record: CXX_FEATURE:1cxx_decltype_incomplete_return_types
    Feature record: CXX_FEATURE:1cxx_default_function_template_args
    Feature record: CXX_FEATURE:1cxx_defaulted_functions
    Feature record: CXX_FEATURE:1cxx_defaulted_move_initializers
    Feature record: CXX_FEATURE:1cxx_delegating_constructors
    Feature record: CXX_FEATURE:1cxx_deleted_functions
    Feature record: CXX_FEATURE:1cxx_digit_separators
    Feature record: CXX_FEATURE:1cxx_enum_forward_declarations
    Feature record: CXX_FEATURE:1cxx_explicit_conversions
    Feature record: CXX_FEATURE:1cxx_extended_friend_declarations
    Feature record: CXX_FEATURE:1cxx_extern_templates
    Feature record: CXX_FEATURE:1cxx_final
    Feature record: CXX_FEATURE:1cxx_func_identifier
    Feature record: CXX_FEATURE:1cxx_generalized_initializers
    Feature record: CXX_FEATURE:1cxx_generic_lambdas
    Feature record: CXX_FEATURE:1cxx_inheriting_constructors
    Feature record: CXX_FEATURE:1cxx_inline_namespaces
    Feature record: CXX_FEATURE:1cxx_lambdas
    Feature record: CXX_FEATURE:1cxx_lambda_init_captures
    Feature record: CXX_FEATURE:1cxx_local_type_template_args
    Feature record: CXX_FEATURE:1cxx_long_long_type
    Feature record: CXX_FEATURE:1cxx_noexcept
    Feature record: CXX_FEATURE:1cxx_nonstatic_member_init
    Feature record: CXX_FEATURE:1cxx_nullptr
    Feature record: CXX_FEATURE:1cxx_override
    Feature record: CXX_FEATURE:1cxx_range_for
    Feature record: CXX_FEATURE:1cxx_raw_string_literals
    Feature record: CXX_FEATURE:1cxx_reference_qualified_functions
    Feature record: CXX_FEATURE:1cxx_relaxed_constexpr
    Feature record: CXX_FEATURE:1cxx_return_type_deduction
    Feature record: CXX_FEATURE:1cxx_right_angle_brackets
    Feature record: CXX_FEATURE:1cxx_rvalue_references
    Feature record: CXX_FEATURE:1cxx_sizeof_member
    Feature record: CXX_FEATURE:1cxx_static_assert
    Feature record: CXX_FEATURE:1cxx_strong_enums
    Feature record: CXX_FEATURE:1cxx_template_template_parameters
    Feature record: CXX_FEATURE:1cxx_thread_local
    Feature record: CXX_FEATURE:1cxx_trailing_return_types
    Feature record: CXX_FEATURE:1cxx_unicode_literals
    Feature record: CXX_FEATURE:1cxx_uniform_initialization
    Feature record: CXX_FEATURE:1cxx_unrestricted_unions
    Feature record: CXX_FEATURE:1cxx_user_literals
    Feature record: CXX_FEATURE:1cxx_variable_templates
    Feature record: CXX_FEATURE:1cxx_variadic_macros
    Feature record: CXX_FEATURE:1cxx_variadic_templates


Detecting CXX [-std=c++14] compiler features compiled with the following output:
Change Dir: /Users/bond/braid/webkit/CMakeFiles/CMakeTmp

Run Build Command:"/usr/bin/make" "cmTC_16e35/fast"
/Applications/Xcode.app/Contents/Developer/usr/bin/make -f CMakeFiles/cmTC_16e35.dir/build.make CMakeFiles/cmTC_16e35.dir/build
Building CXX object CMakeFiles/cmTC_16e35.dir/feature_tests.cxx.o
/Applications/Xcode.app/Contents/Developer/Toolchains/XcodeDefault.xctoolchain/usr/bin/c++    -std=c++14 -o CMakeFiles/cmTC_16e35.dir/feature_tests.cxx.o -c /Users/bond/braid/webkit/CMakeFiles/feature_tests.cxx
Linking CXX executable cmTC_16e35
/usr/local/Cellar/cmake/3.8.1/bin/cmake -E cmake_link_script CMakeFiles/cmTC_16e35.dir/link.txt --verbose=1
/Applications/Xcode.app/Contents/Developer/Toolchains/XcodeDefault.xctoolchain/usr/bin/c++    -Wl,-search_paths_first -Wl,-headerpad_max_install_names   CMakeFiles/cmTC_16e35.dir/feature_tests.cxx.o  -o cmTC_16e35 


    Feature record: CXX_FEATURE:1cxx_aggregate_default_initializers
    Feature record: CXX_FEATURE:1cxx_alias_templates
    Feature record: CXX_FEATURE:1cxx_alignas
    Feature record: CXX_FEATURE:1cxx_alignof
    Feature record: CXX_FEATURE:1cxx_attributes
    Feature record: CXX_FEATURE:1cxx_attribute_deprecated
    Feature record: CXX_FEATURE:1cxx_auto_type
    Feature record: CXX_FEATURE:1cxx_binary_literals
    Feature record: CXX_FEATURE:1cxx_constexpr
    Feature record: CXX_FEATURE:1cxx_contextual_conversions
    Feature record: CXX_FEATURE:1cxx_decltype
    Feature record: CXX_FEATURE:1cxx_decltype_auto
    Feature record: CXX_FEATURE:1cxx_decltype_incomplete_return_types
    Feature record: CXX_FEATURE:1cxx_default_function_template_args
    Feature record: CXX_FEATURE:1cxx_defaulted_functions
    Feature record: CXX_FEATURE:1cxx_defaulted_move_initializers
    Feature record: CXX_FEATURE:1cxx_delegating_constructors
    Feature record: CXX_FEATURE:1cxx_deleted_functions
    Feature record: CXX_FEATURE:1cxx_digit_separators
    Feature record: CXX_FEATURE:1cxx_enum_forward_declarations
    Feature record: CXX_FEATURE:1cxx_explicit_conversions
    Feature record: CXX_FEATURE:1cxx_extended_friend_declarations
    Feature record: CXX_FEATURE:1cxx_extern_templates
    Feature record: CXX_FEATURE:1cxx_final
    Feature record: CXX_FEATURE:1cxx_func_identifier
    Feature record: CXX_FEATURE:1cxx_generalized_initializers
    Feature record: CXX_FEATURE:1cxx_generic_lambdas
    Feature record: CXX_FEATURE:1cxx_inheriting_constructors
    Feature record: CXX_FEATURE:1cxx_inline_namespaces
    Feature record: CXX_FEATURE:1cxx_lambdas
    Feature record: CXX_FEATURE:1cxx_lambda_init_captures
    Feature record: CXX_FEATURE:1cxx_local_type_template_args
    Feature record: CXX_FEATURE:1cxx_long_long_type
    Feature record: CXX_FEATURE:1cxx_noexcept
    Feature record: CXX_FEATURE:1cxx_nonstatic_member_init
    Feature record: CXX_FEATURE:1cxx_nullptr
    Feature record: CXX_FEATURE:1cxx_override
    Feature record: CXX_FEATURE:1cxx_range_for
    Feature record: CXX_FEATURE:1cxx_raw_string_literals
    Feature record: CXX_FEATURE:1cxx_reference_qualified_functions
    Feature record: CXX_FEATURE:1cxx_relaxed_constexpr
    Feature record: CXX_FEATURE:1cxx_return_type_deduction
    Feature record: CXX_FEATURE:1cxx_right_angle_brackets
    Feature record: CXX_FEATURE:1cxx_rvalue_references
    Feature record: CXX_FEATURE:1cxx_sizeof_member
    Feature record: CXX_FEATURE:1cxx_static_assert
    Feature record: CXX_FEATURE:1cxx_strong_enums
    Feature record: CXX_FEATURE:1cxx_template_template_parameters
    Feature record: CXX_FEATURE:1cxx_thread_local
    Feature record: CXX_FEATURE:1cxx_trailing_return_types
    Feature record: CXX_FEATURE:1cxx_unicode_literals
    Feature record: CXX_FEATURE:1cxx_uniform_initialization
    Feature record: CXX_FEATURE:1cxx_unrestricted_unions
    Feature record: CXX_FEATURE:1cxx_user_literals
    Feature record: CXX_FEATURE:1cxx_variable_templates
    Feature record: CXX_FEATURE:1cxx_variadic_macros
    Feature record: CXX_FEATURE:1cxx_variadic_templates


Detecting CXX [-std=c++11] compiler features compiled with the following output:
Change Dir: /Users/bond/braid/webkit/CMakeFiles/CMakeTmp

Run Build Command:"/usr/bin/make" "cmTC_953cc/fast"
/Applications/Xcode.app/Contents/Developer/usr/bin/make -f CMakeFiles/cmTC_953cc.dir/build.make CMakeFiles/cmTC_953cc.dir/build
Building CXX object CMakeFiles/cmTC_953cc.dir/feature_tests.cxx.o
/Applications/Xcode.app/Contents/Developer/Toolchains/XcodeDefault.xctoolchain/usr/bin/c++    -std=c++11 -o CMakeFiles/cmTC_953cc.dir/feature_tests.cxx.o -c /Users/bond/braid/webkit/CMakeFiles/feature_tests.cxx
Linking CXX executable cmTC_953cc
/usr/local/Cellar/cmake/3.8.1/bin/cmake -E cmake_link_script CMakeFiles/cmTC_953cc.dir/link.txt --verbose=1
/Applications/Xcode.app/Contents/Developer/Toolchains/XcodeDefault.xctoolchain/usr/bin/c++    -Wl,-search_paths_first -Wl,-headerpad_max_install_names   CMakeFiles/cmTC_953cc.dir/feature_tests.cxx.o  -o cmTC_953cc 


    Feature record: CXX_FEATURE:0cxx_aggregate_default_initializers
    Feature record: CXX_FEATURE:1cxx_alias_templates
    Feature record: CXX_FEATURE:1cxx_alignas
    Feature record: CXX_FEATURE:1cxx_alignof
    Feature record: CXX_FEATURE:1cxx_attributes
    Feature record: CXX_FEATURE:0cxx_attribute_deprecated
    Feature record: CXX_FEATURE:1cxx_auto_type
    Feature record: CXX_FEATURE:0cxx_binary_literals
    Feature record: CXX_FEATURE:1cxx_constexpr
    Feature record: CXX_FEATURE:0cxx_contextual_conversions
    Feature record: CXX_FEATURE:1cxx_decltype
    Feature record: CXX_FEATURE:0cxx_decltype_auto
    Feature record: CXX_FEATURE:1cxx_decltype_incomplete_return_types
    Feature record: CXX_FEATURE:1cxx_default_function_template_args
    Feature record: CXX_FEATURE:1cxx_defaulted_functions
    Feature record: CXX_FEATURE:1cxx_defaulted_move_initializers
    Feature record: CXX_FEATURE:1cxx_delegating_constructors
    Feature record: CXX_FEATURE:1cxx_deleted_functions
    Feature record: CXX_FEATURE:0cxx_digit_separators
    Feature record: CXX_FEATURE:1cxx_enum_forward_declarations
    Feature record: CXX_FEATURE:1cxx_explicit_conversions
    Feature record: CXX_FEATURE:1cxx_extended_friend_declarations
    Feature record: CXX_FEATURE:1cxx_extern_templates
    Feature record: CXX_FEATURE:1cxx_final
    Feature record: CXX_FEATURE:1cxx_func_identifier
    Feature record: CXX_FEATURE:1cxx_generalized_initializers
    Feature record: CXX_FEATURE:0cxx_generic_lambdas
    Feature record: CXX_FEATURE:1cxx_inheriting_constructors
    Feature record: CXX_FEATURE:1cxx_inline_namespaces
    Feature record: CXX_FEATURE:1cxx_lambdas
    Feature record: CXX_FEATURE:0cxx_lambda_init_captures
    Feature record: CXX_FEATURE:1cxx_local_type_template_args
    Feature record: CXX_FEATURE:1cxx_long_long_type
    Feature record: CXX_FEATURE:1cxx_noexcept
    Feature record: CXX_FEATURE:1cxx_nonstatic_member_init
    Feature record: CXX_FEATURE:1cxx_nullptr
    Feature record: CXX_FEATURE:1cxx_override
    Feature record: CXX_FEATURE:1cxx_range_for
    Feature record: CXX_FEATURE:1cxx_raw_string_literals
    Feature record: CXX_FEATURE:1cxx_reference_qualified_functions
    Feature record: CXX_FEATURE:0cxx_relaxed_constexpr
    Feature record: CXX_FEATURE:0cxx_return_type_deduction
    Feature record: CXX_FEATURE:1cxx_right_angle_brackets
    Feature record: CXX_FEATURE:1cxx_rvalue_references
    Feature record: CXX_FEATURE:1cxx_sizeof_member
    Feature record: CXX_FEATURE:1cxx_static_assert
    Feature record: CXX_FEATURE:1cxx_strong_enums
    Feature record: CXX_FEATURE:1cxx_template_template_parameters
    Feature record: CXX_FEATURE:1cxx_thread_local
    Feature record: CXX_FEATURE:1cxx_trailing_return_types
    Feature record: CXX_FEATURE:1cxx_unicode_literals
    Feature record: CXX_FEATURE:1cxx_uniform_initialization
    Feature record: CXX_FEATURE:1cxx_unrestricted_unions
    Feature record: CXX_FEATURE:1cxx_user_literals
    Feature record: CXX_FEATURE:0cxx_variable_templates
    Feature record: CXX_FEATURE:1cxx_variadic_macros
    Feature record: CXX_FEATURE:1cxx_variadic_templates


Detecting CXX [-std=c++98] compiler features compiled with the following output:
Change Dir: /Users/bond/braid/webkit/CMakeFiles/CMakeTmp

Run Build Command:"/usr/bin/make" "cmTC_c3659/fast"
/Applications/Xcode.app/Contents/Developer/usr/bin/make -f CMakeFiles/cmTC_c3659.dir/build.make CMakeFiles/cmTC_c3659.dir/build
Building CXX object CMakeFiles/cmTC_c3659.dir/feature_tests.cxx.o
/Applications/Xcode.app/Contents/Developer/Toolchains/XcodeDefault.xctoolchain/usr/bin/c++    -std=c++98 -o CMakeFiles/cmTC_c3659.dir/feature_tests.cxx.o -c /Users/bond/braid/webkit/CMakeFiles/feature_tests.cxx
Linking CXX executable cmTC_c3659
/usr/local/Cellar/cmake/3.8.1/bin/cmake -E cmake_link_script CMakeFiles/cmTC_c3659.dir/link.txt --verbose=1
/Applications/Xcode.app/Contents/Developer/Toolchains/XcodeDefault.xctoolchain/usr/bin/c++    -Wl,-search_paths_first -Wl,-headerpad_max_install_names   CMakeFiles/cmTC_c3659.dir/feature_tests.cxx.o  -o cmTC_c3659 


    Feature record: CXX_FEATURE:0cxx_aggregate_default_initializers
    Feature record: CXX_FEATURE:0cxx_alias_templates
    Feature record: CXX_FEATURE:0cxx_alignas
    Feature record: CXX_FEATURE:0cxx_alignof
    Feature record: CXX_FEATURE:0cxx_attributes
    Feature record: CXX_FEATURE:0cxx_attribute_deprecated
    Feature record: CXX_FEATURE:0cxx_auto_type
    Feature record: CXX_FEATURE:0cxx_binary_literals
    Feature record: CXX_FEATURE:0cxx_constexpr
    Feature record: CXX_FEATURE:0cxx_contextual_conversions
    Feature record: CXX_FEATURE:0cxx_decltype
    Feature record: CXX_FEATURE:0cxx_decltype_auto
    Feature record: CXX_FEATURE:0cxx_decltype_incomplete_return_types
    Feature record: CXX_FEATURE:0cxx_default_function_template_args
    Feature record: CXX_FEATURE:0cxx_defaulted_functions
    Feature record: CXX_FEATURE:0cxx_defaulted_move_initializers
    Feature record: CXX_FEATURE:0cxx_delegating_constructors
    Feature record: CXX_FEATURE:0cxx_deleted_functions
    Feature record: CXX_FEATURE:0cxx_digit_separators
    Feature record: CXX_FEATURE:0cxx_enum_forward_declarations
    Feature record: CXX_FEATURE:0cxx_explicit_conversions
    Feature record: CXX_FEATURE:0cxx_extended_friend_declarations
    Feature record: CXX_FEATURE:0cxx_extern_templates
    Feature record: CXX_FEATURE:0cxx_final
    Feature record: CXX_FEATURE:0cxx_func_identifier
    Feature record: CXX_FEATURE:0cxx_generalized_initializers
    Feature record: CXX_FEATURE:0cxx_generic_lambdas
    Feature record: CXX_FEATURE:0cxx_inheriting_constructors
    Feature record: CXX_FEATURE:0cxx_inline_namespaces
    Feature record: CXX_FEATURE:0cxx_lambdas
    Feature record: CXX_FEATURE:0cxx_lambda_init_captures
    Feature record: CXX_FEATURE:0cxx_local_type_template_args
    Feature record: CXX_FEATURE:0cxx_long_long_type
    Feature record: CXX_FEATURE:0cxx_noexcept
    Feature record: CXX_FEATURE:0cxx_nonstatic_member_init
    Feature record: CXX_FEATURE:0cxx_nullptr
    Feature record: CXX_FEATURE:0cxx_override
    Feature record: CXX_FEATURE:0cxx_range_for
    Feature record: CXX_FEATURE:0cxx_raw_string_literals
    Feature record: CXX_FEATURE:0cxx_reference_qualified_functions
    Feature record: CXX_FEATURE:0cxx_relaxed_constexpr
    Feature record: CXX_FEATURE:0cxx_return_type_deduction
    Feature record: CXX_FEATURE:0cxx_right_angle_brackets
    Feature record: CXX_FEATURE:0cxx_rvalue_references
    Feature record: CXX_FEATURE:0cxx_sizeof_member
    Feature record: CXX_FEATURE:0cxx_static_assert
    Feature record: CXX_FEATURE:0cxx_strong_enums
    Feature record: CXX_FEATURE:1cxx_template_template_parameters
    Feature record: CXX_FEATURE:0cxx_thread_local
    Feature record: CXX_FEATURE:0cxx_trailing_return_types
    Feature record: CXX_FEATURE:0cxx_unicode_literals
    Feature record: CXX_FEATURE:0cxx_uniform_initialization
    Feature record: CXX_FEATURE:0cxx_unrestricted_unions
    Feature record: CXX_FEATURE:0cxx_user_literals
    Feature record: CXX_FEATURE:0cxx_variable_templates
    Feature record: CXX_FEATURE:0cxx_variadic_macros
    Feature record: CXX_FEATURE:0cxx_variadic_templates
Determining if the include file errno.h exists passed with the following output:
Change Dir: /Users/bond/braid/webkit/CMakeFiles/CMakeTmp

Run Build Command:"/usr/bin/make" "cmTC_41276/fast"
/Applications/Xcode.app/Contents/Developer/usr/bin/make -f CMakeFiles/cmTC_41276.dir/build.make CMakeFiles/cmTC_41276.dir/build
Building C object CMakeFiles/cmTC_41276.dir/CheckIncludeFile.c.o
/Applications/Xcode.app/Contents/Developer/Toolchains/XcodeDefault.xctoolchain/usr/bin/cc   -fno-exceptions -fno-strict-aliasing -Qunused-arguments    -o CMakeFiles/cmTC_41276.dir/CheckIncludeFile.c.o   -c /Users/bond/braid/webkit/CMakeFiles/CMakeTmp/CheckIncludeFile.c
Linking C executable cmTC_41276
/usr/local/Cellar/cmake/3.8.1/bin/cmake -E cmake_link_script CMakeFiles/cmTC_41276.dir/link.txt --verbose=1
/Applications/Xcode.app/Contents/Developer/Toolchains/XcodeDefault.xctoolchain/usr/bin/cc  -fno-exceptions -fno-strict-aliasing -Qunused-arguments  -Wl,-search_paths_first -Wl,-headerpad_max_install_names   CMakeFiles/cmTC_41276.dir/CheckIncludeFile.c.o  -o cmTC_41276 


Determining if the include file langinfo.h exists passed with the following output:
Change Dir: /Users/bond/braid/webkit/CMakeFiles/CMakeTmp

Run Build Command:"/usr/bin/make" "cmTC_c9c66/fast"
/Applications/Xcode.app/Contents/Developer/usr/bin/make -f CMakeFiles/cmTC_c9c66.dir/build.make CMakeFiles/cmTC_c9c66.dir/build
Building C object CMakeFiles/cmTC_c9c66.dir/CheckIncludeFile.c.o
/Applications/Xcode.app/Contents/Developer/Toolchains/XcodeDefault.xctoolchain/usr/bin/cc   -fno-exceptions -fno-strict-aliasing -Qunused-arguments    -o CMakeFiles/cmTC_c9c66.dir/CheckIncludeFile.c.o   -c /Users/bond/braid/webkit/CMakeFiles/CMakeTmp/CheckIncludeFile.c
Linking C executable cmTC_c9c66
/usr/local/Cellar/cmake/3.8.1/bin/cmake -E cmake_link_script CMakeFiles/cmTC_c9c66.dir/link.txt --verbose=1
/Applications/Xcode.app/Contents/Developer/Toolchains/XcodeDefault.xctoolchain/usr/bin/cc  -fno-exceptions -fno-strict-aliasing -Qunused-arguments  -Wl,-search_paths_first -Wl,-headerpad_max_install_names   CMakeFiles/cmTC_c9c66.dir/CheckIncludeFile.c.o  -o cmTC_c9c66 


Determining if the include file sys/mman.h exists passed with the following output:
Change Dir: /Users/bond/braid/webkit/CMakeFiles/CMakeTmp

Run Build Command:"/usr/bin/make" "cmTC_27378/fast"
/Applications/Xcode.app/Contents/Developer/usr/bin/make -f CMakeFiles/cmTC_27378.dir/build.make CMakeFiles/cmTC_27378.dir/build
Building C object CMakeFiles/cmTC_27378.dir/CheckIncludeFile.c.o
/Applications/Xcode.app/Contents/Developer/Toolchains/XcodeDefault.xctoolchain/usr/bin/cc   -fno-exceptions -fno-strict-aliasing -Qunused-arguments    -o CMakeFiles/cmTC_27378.dir/CheckIncludeFile.c.o   -c /Users/bond/braid/webkit/CMakeFiles/CMakeTmp/CheckIncludeFile.c
Linking C executable cmTC_27378
/usr/local/Cellar/cmake/3.8.1/bin/cmake -E cmake_link_script CMakeFiles/cmTC_27378.dir/link.txt --verbose=1
/Applications/Xcode.app/Contents/Developer/Toolchains/XcodeDefault.xctoolchain/usr/bin/cc  -fno-exceptions -fno-strict-aliasing -Qunused-arguments  -Wl,-search_paths_first -Wl,-headerpad_max_install_names   CMakeFiles/cmTC_27378.dir/CheckIncludeFile.c.o  -o cmTC_27378 


Determining if the include file strings.h exists passed with the following output:
Change Dir: /Users/bond/braid/webkit/CMakeFiles/CMakeTmp

Run Build Command:"/usr/bin/make" "cmTC_54dc7/fast"
/Applications/Xcode.app/Contents/Developer/usr/bin/make -f CMakeFiles/cmTC_54dc7.dir/build.make CMakeFiles/cmTC_54dc7.dir/build
Building C object CMakeFiles/cmTC_54dc7.dir/CheckIncludeFile.c.o
/Applications/Xcode.app/Contents/Developer/Toolchains/XcodeDefault.xctoolchain/usr/bin/cc   -fno-exceptions -fno-strict-aliasing -Qunused-arguments    -o CMakeFiles/cmTC_54dc7.dir/CheckIncludeFile.c.o   -c /Users/bond/braid/webkit/CMakeFiles/CMakeTmp/CheckIncludeFile.c
Linking C executable cmTC_54dc7
/usr/local/Cellar/cmake/3.8.1/bin/cmake -E cmake_link_script CMakeFiles/cmTC_54dc7.dir/link.txt --verbose=1
/Applications/Xcode.app/Contents/Developer/Toolchains/XcodeDefault.xctoolchain/usr/bin/cc  -fno-exceptions -fno-strict-aliasing -Qunused-arguments  -Wl,-search_paths_first -Wl,-headerpad_max_install_names   CMakeFiles/cmTC_54dc7.dir/CheckIncludeFile.c.o  -o cmTC_54dc7 


Determining if the include file sys/param.h exists passed with the following output:
Change Dir: /Users/bond/braid/webkit/CMakeFiles/CMakeTmp

Run Build Command:"/usr/bin/make" "cmTC_71ccc/fast"
/Applications/Xcode.app/Contents/Developer/usr/bin/make -f CMakeFiles/cmTC_71ccc.dir/build.make CMakeFiles/cmTC_71ccc.dir/build
Building C object CMakeFiles/cmTC_71ccc.dir/CheckIncludeFile.c.o
/Applications/Xcode.app/Contents/Developer/Toolchains/XcodeDefault.xctoolchain/usr/bin/cc   -fno-exceptions -fno-strict-aliasing -Qunused-arguments    -o CMakeFiles/cmTC_71ccc.dir/CheckIncludeFile.c.o   -c /Users/bond/braid/webkit/CMakeFiles/CMakeTmp/CheckIncludeFile.c
Linking C executable cmTC_71ccc
/usr/local/Cellar/cmake/3.8.1/bin/cmake -E cmake_link_script CMakeFiles/cmTC_71ccc.dir/link.txt --verbose=1
/Applications/Xcode.app/Contents/Developer/Toolchains/XcodeDefault.xctoolchain/usr/bin/cc  -fno-exceptions -fno-strict-aliasing -Qunused-arguments  -Wl,-search_paths_first -Wl,-headerpad_max_install_names   CMakeFiles/cmTC_71ccc.dir/CheckIncludeFile.c.o  -o cmTC_71ccc 


Determining if the include file sys/time.h exists passed with the following output:
Change Dir: /Users/bond/braid/webkit/CMakeFiles/CMakeTmp

Run Build Command:"/usr/bin/make" "cmTC_3dab7/fast"
/Applications/Xcode.app/Contents/Developer/usr/bin/make -f CMakeFiles/cmTC_3dab7.dir/build.make CMakeFiles/cmTC_3dab7.dir/build
Building C object CMakeFiles/cmTC_3dab7.dir/CheckIncludeFile.c.o
/Applications/Xcode.app/Contents/Developer/Toolchains/XcodeDefault.xctoolchain/usr/bin/cc   -fno-exceptions -fno-strict-aliasing -Qunused-arguments    -o CMakeFiles/cmTC_3dab7.dir/CheckIncludeFile.c.o   -c /Users/bond/braid/webkit/CMakeFiles/CMakeTmp/CheckIncludeFile.c
Linking C executable cmTC_3dab7
/usr/local/Cellar/cmake/3.8.1/bin/cmake -E cmake_link_script CMakeFiles/cmTC_3dab7.dir/link.txt --verbose=1
/Applications/Xcode.app/Contents/Developer/Toolchains/XcodeDefault.xctoolchain/usr/bin/cc  -fno-exceptions -fno-strict-aliasing -Qunused-arguments  -Wl,-search_paths_first -Wl,-headerpad_max_install_names   CMakeFiles/cmTC_3dab7.dir/CheckIncludeFile.c.o  -o cmTC_3dab7 


Determining if the include file sys/timeb.h exists passed with the following output:
Change Dir: /Users/bond/braid/webkit/CMakeFiles/CMakeTmp

Run Build Command:"/usr/bin/make" "cmTC_4dec9/fast"
/Applications/Xcode.app/Contents/Developer/usr/bin/make -f CMakeFiles/cmTC_4dec9.dir/build.make CMakeFiles/cmTC_4dec9.dir/build
Building C object CMakeFiles/cmTC_4dec9.dir/CheckIncludeFile.c.o
/Applications/Xcode.app/Contents/Developer/Toolchains/XcodeDefault.xctoolchain/usr/bin/cc   -fno-exceptions -fno-strict-aliasing -Qunused-arguments    -o CMakeFiles/cmTC_4dec9.dir/CheckIncludeFile.c.o   -c /Users/bond/braid/webkit/CMakeFiles/CMakeTmp/CheckIncludeFile.c
Linking C executable cmTC_4dec9
/usr/local/Cellar/cmake/3.8.1/bin/cmake -E cmake_link_script CMakeFiles/cmTC_4dec9.dir/link.txt --verbose=1
/Applications/Xcode.app/Contents/Developer/Toolchains/XcodeDefault.xctoolchain/usr/bin/cc  -fno-exceptions -fno-strict-aliasing -Qunused-arguments  -Wl,-search_paths_first -Wl,-headerpad_max_install_names   CMakeFiles/cmTC_4dec9.dir/CheckIncludeFile.c.o  -o cmTC_4dec9 


Determining if the function localtime_r exists passed with the following output:
Change Dir: /Users/bond/braid/webkit/CMakeFiles/CMakeTmp

Run Build Command:"/usr/bin/make" "cmTC_056e9/fast"
/Applications/Xcode.app/Contents/Developer/usr/bin/make -f CMakeFiles/cmTC_056e9.dir/build.make CMakeFiles/cmTC_056e9.dir/build
Building C object CMakeFiles/cmTC_056e9.dir/CheckFunctionExists.c.o
/Applications/Xcode.app/Contents/Developer/Toolchains/XcodeDefault.xctoolchain/usr/bin/cc   -fno-exceptions -fno-strict-aliasing -Qunused-arguments -DCHECK_FUNCTION_EXISTS=localtime_r   -o CMakeFiles/cmTC_056e9.dir/CheckFunctionExists.c.o   -c /usr/local/Cellar/cmake/3.8.1/share/cmake/Modules/CheckFunctionExists.c
Linking C executable cmTC_056e9
/usr/local/Cellar/cmake/3.8.1/bin/cmake -E cmake_link_script CMakeFiles/cmTC_056e9.dir/link.txt --verbose=1
/Applications/Xcode.app/Contents/Developer/Toolchains/XcodeDefault.xctoolchain/usr/bin/cc  -fno-exceptions -fno-strict-aliasing -Qunused-arguments -DCHECK_FUNCTION_EXISTS=localtime_r -Wl,-search_paths_first -Wl,-headerpad_max_install_names   CMakeFiles/cmTC_056e9.dir/CheckFunctionExists.c.o  -o cmTC_056e9 


Determining if the function strnstr exists passed with the following output:
Change Dir: /Users/bond/braid/webkit/CMakeFiles/CMakeTmp

Run Build Command:"/usr/bin/make" "cmTC_514d8/fast"
/Applications/Xcode.app/Contents/Developer/usr/bin/make -f CMakeFiles/cmTC_514d8.dir/build.make CMakeFiles/cmTC_514d8.dir/build
Building C object CMakeFiles/cmTC_514d8.dir/CheckFunctionExists.c.o
/Applications/Xcode.app/Contents/Developer/Toolchains/XcodeDefault.xctoolchain/usr/bin/cc   -fno-exceptions -fno-strict-aliasing -Qunused-arguments -DCHECK_FUNCTION_EXISTS=strnstr   -o CMakeFiles/cmTC_514d8.dir/CheckFunctionExists.c.o   -c /usr/local/Cellar/cmake/3.8.1/share/cmake/Modules/CheckFunctionExists.c
Linking C executable cmTC_514d8
/usr/local/Cellar/cmake/3.8.1/bin/cmake -E cmake_link_script CMakeFiles/cmTC_514d8.dir/link.txt --verbose=1
/Applications/Xcode.app/Contents/Developer/Toolchains/XcodeDefault.xctoolchain/usr/bin/cc  -fno-exceptions -fno-strict-aliasing -Qunused-arguments -DCHECK_FUNCTION_EXISTS=strnstr -Wl,-search_paths_first -Wl,-headerpad_max_install_names   CMakeFiles/cmTC_514d8.dir/CheckFunctionExists.c.o  -o cmTC_514d8 


Determining if the function timegm exists passed with the following output:
Change Dir: /Users/bond/braid/webkit/CMakeFiles/CMakeTmp

Run Build Command:"/usr/bin/make" "cmTC_8b7fa/fast"
/Applications/Xcode.app/Contents/Developer/usr/bin/make -f CMakeFiles/cmTC_8b7fa.dir/build.make CMakeFiles/cmTC_8b7fa.dir/build
Building C object CMakeFiles/cmTC_8b7fa.dir/CheckFunctionExists.c.o
/Applications/Xcode.app/Contents/Developer/Toolchains/XcodeDefault.xctoolchain/usr/bin/cc   -fno-exceptions -fno-strict-aliasing -Qunused-arguments -DCHECK_FUNCTION_EXISTS=timegm   -o CMakeFiles/cmTC_8b7fa.dir/CheckFunctionExists.c.o   -c /usr/local/Cellar/cmake/3.8.1/share/cmake/Modules/CheckFunctionExists.c
Linking C executable cmTC_8b7fa
/usr/local/Cellar/cmake/3.8.1/bin/cmake -E cmake_link_script CMakeFiles/cmTC_8b7fa.dir/link.txt --verbose=1
/Applications/Xcode.app/Contents/Developer/Toolchains/XcodeDefault.xctoolchain/usr/bin/cc  -fno-exceptions -fno-strict-aliasing -Qunused-arguments -DCHECK_FUNCTION_EXISTS=timegm -Wl,-search_paths_first -Wl,-headerpad_max_install_names   CMakeFiles/cmTC_8b7fa.dir/CheckFunctionExists.c.o  -o cmTC_8b7fa 


Determining if the function vasprintf exists passed with the following output:
Change Dir: /Users/bond/braid/webkit/CMakeFiles/CMakeTmp

Run Build Command:"/usr/bin/make" "cmTC_40b91/fast"
/Applications/Xcode.app/Contents/Developer/usr/bin/make -f CMakeFiles/cmTC_40b91.dir/build.make CMakeFiles/cmTC_40b91.dir/build
Building C object CMakeFiles/cmTC_40b91.dir/CheckFunctionExists.c.o
/Applications/Xcode.app/Contents/Developer/Toolchains/XcodeDefault.xctoolchain/usr/bin/cc   -fno-exceptions -fno-strict-aliasing -Qunused-arguments -DCHECK_FUNCTION_EXISTS=vasprintf   -o CMakeFiles/cmTC_40b91.dir/CheckFunctionExists.c.o   -c /usr/local/Cellar/cmake/3.8.1/share/cmake/Modules/CheckFunctionExists.c
/usr/local/Cellar/cmake/3.8.1/share/cmake/Modules/CheckFunctionExists.c:17:25: warning: format string missing [-Wformat]
  CHECK_FUNCTION_EXISTS();
  ~~~~~~~~~~~~~~~~~~~~~ ^
1 warning generated.
Linking C executable cmTC_40b91
/usr/local/Cellar/cmake/3.8.1/bin/cmake -E cmake_link_script CMakeFiles/cmTC_40b91.dir/link.txt --verbose=1
/Applications/Xcode.app/Contents/Developer/Toolchains/XcodeDefault.xctoolchain/usr/bin/cc  -fno-exceptions -fno-strict-aliasing -Qunused-arguments -DCHECK_FUNCTION_EXISTS=vasprintf -Wl,-search_paths_first -Wl,-headerpad_max_install_names   CMakeFiles/cmTC_40b91.dir/CheckFunctionExists.c.o  -o cmTC_40b91 


Determining if the regexec exist passed with the following output:
Change Dir: /Users/bond/braid/webkit/CMakeFiles/CMakeTmp

Run Build Command:"/usr/bin/make" "cmTC_4b178/fast"
/Applications/Xcode.app/Contents/Developer/usr/bin/make -f CMakeFiles/cmTC_4b178.dir/build.make CMakeFiles/cmTC_4b178.dir/build
Building C object CMakeFiles/cmTC_4b178.dir/CheckSymbolExists.c.o
/Applications/Xcode.app/Contents/Developer/Toolchains/XcodeDefault.xctoolchain/usr/bin/cc   -fno-exceptions -fno-strict-aliasing -Qunused-arguments    -o CMakeFiles/cmTC_4b178.dir/CheckSymbolExists.c.o   -c /Users/bond/braid/webkit/CMakeFiles/CMakeTmp/CheckSymbolExists.c
Linking C executable cmTC_4b178
/usr/local/Cellar/cmake/3.8.1/bin/cmake -E cmake_link_script CMakeFiles/cmTC_4b178.dir/link.txt --verbose=1
/Applications/Xcode.app/Contents/Developer/Toolchains/XcodeDefault.xctoolchain/usr/bin/cc  -fno-exceptions -fno-strict-aliasing -Qunused-arguments  -Wl,-search_paths_first -Wl,-headerpad_max_install_names   CMakeFiles/cmTC_4b178.dir/CheckSymbolExists.c.o  -o cmTC_4b178 

File /Users/bond/braid/webkit/CMakeFiles/CMakeTmp/CheckSymbolExists.c:
/* */
#include <regex.h>

int main(int argc, char** argv)
{
  (void)argv;
#ifndef regexec
  return ((int*)(&regexec))[argc];
#else
  (void)argc;
  return 0;
#endif
}

Determining if the SIGTRAP exist passed with the following output:
Change Dir: /Users/bond/braid/webkit/CMakeFiles/CMakeTmp

Run Build Command:"/usr/bin/make" "cmTC_d3823/fast"
/Applications/Xcode.app/Contents/Developer/usr/bin/make -f CMakeFiles/cmTC_d3823.dir/build.make CMakeFiles/cmTC_d3823.dir/build
Building C object CMakeFiles/cmTC_d3823.dir/CheckSymbolExists.c.o
/Applications/Xcode.app/Contents/Developer/Toolchains/XcodeDefault.xctoolchain/usr/bin/cc   -fno-exceptions -fno-strict-aliasing -Qunused-arguments    -o CMakeFiles/cmTC_d3823.dir/CheckSymbolExists.c.o   -c /Users/bond/braid/webkit/CMakeFiles/CMakeTmp/CheckSymbolExists.c
Linking C executable cmTC_d3823
/usr/local/Cellar/cmake/3.8.1/bin/cmake -E cmake_link_script CMakeFiles/cmTC_d3823.dir/link.txt --verbose=1
/Applications/Xcode.app/Contents/Developer/Toolchains/XcodeDefault.xctoolchain/usr/bin/cc  -fno-exceptions -fno-strict-aliasing -Qunused-arguments  -Wl,-search_paths_first -Wl,-headerpad_max_install_names   CMakeFiles/cmTC_d3823.dir/CheckSymbolExists.c.o  -o cmTC_d3823 

File /Users/bond/braid/webkit/CMakeFiles/CMakeTmp/CheckSymbolExists.c:
/* */
#include <signal.h>

int main(int argc, char** argv)
{
  (void)argv;
#ifndef SIGTRAP
  return ((int*)(&SIGTRAP))[argc];
#else
  (void)argc;
  return 0;
#endif
}

Performing C SOURCE FILE Test HAVE_STAT_BIRTHTIME_value succeeded with the following output:
Change Dir: /Users/bond/braid/webkit/CMakeFiles/CMakeTmp

Run Build Command:"/usr/bin/make" "cmTC_03bbc/fast"
/Applications/Xcode.app/Contents/Developer/usr/bin/make -f CMakeFiles/cmTC_03bbc.dir/build.make CMakeFiles/cmTC_03bbc.dir/build
Building C object CMakeFiles/cmTC_03bbc.dir/src.c.o
/Applications/Xcode.app/Contents/Developer/Toolchains/XcodeDefault.xctoolchain/usr/bin/cc   -fno-exceptions -fno-strict-aliasing -Qunused-arguments -DHAVE_STAT_BIRTHTIME_value   -o CMakeFiles/cmTC_03bbc.dir/src.c.o   -c /Users/bond/braid/webkit/CMakeFiles/CMakeTmp/src.c
Linking C executable cmTC_03bbc
/usr/local/Cellar/cmake/3.8.1/bin/cmake -E cmake_link_script CMakeFiles/cmTC_03bbc.dir/link.txt --verbose=1
/Applications/Xcode.app/Contents/Developer/Toolchains/XcodeDefault.xctoolchain/usr/bin/cc  -fno-exceptions -fno-strict-aliasing -Qunused-arguments -DHAVE_STAT_BIRTHTIME_value -Wl,-search_paths_first -Wl,-headerpad_max_install_names   CMakeFiles/cmTC_03bbc.dir/src.c.o  -o cmTC_03bbc 

Source file was:

#include <sys/stat.h>

int main()
{
   (void)sizeof(((struct stat *)0)->st_birthtime);
   return 0;
}

Performing C SOURCE FILE Test HAVE_TM_GMTOFF_value succeeded with the following output:
Change Dir: /Users/bond/braid/webkit/CMakeFiles/CMakeTmp

Run Build Command:"/usr/bin/make" "cmTC_2a569/fast"
/Applications/Xcode.app/Contents/Developer/usr/bin/make -f CMakeFiles/cmTC_2a569.dir/build.make CMakeFiles/cmTC_2a569.dir/build
Building C object CMakeFiles/cmTC_2a569.dir/src.c.o
/Applications/Xcode.app/Contents/Developer/Toolchains/XcodeDefault.xctoolchain/usr/bin/cc   -fno-exceptions -fno-strict-aliasing -Qunused-arguments -DHAVE_TM_GMTOFF_value   -o CMakeFiles/cmTC_2a569.dir/src.c.o   -c /Users/bond/braid/webkit/CMakeFiles/CMakeTmp/src.c
Linking C executable cmTC_2a569
/usr/local/Cellar/cmake/3.8.1/bin/cmake -E cmake_link_script CMakeFiles/cmTC_2a569.dir/link.txt --verbose=1
/Applications/Xcode.app/Contents/Developer/Toolchains/XcodeDefault.xctoolchain/usr/bin/cc  -fno-exceptions -fno-strict-aliasing -Qunused-arguments -DHAVE_TM_GMTOFF_value -Wl,-search_paths_first -Wl,-headerpad_max_install_names   CMakeFiles/cmTC_2a569.dir/src.c.o  -o cmTC_2a569 

Source file was:

#include <time.h>

int main()
{
   (void)sizeof(((struct tm *)0)->tm_gmtoff);
   return 0;
}

Performing C SOURCE FILE Test HAVE_TM_ZONE_value succeeded with the following output:
Change Dir: /Users/bond/braid/webkit/CMakeFiles/CMakeTmp

Run Build Command:"/usr/bin/make" "cmTC_5e248/fast"
/Applications/Xcode.app/Contents/Developer/usr/bin/make -f CMakeFiles/cmTC_5e248.dir/build.make CMakeFiles/cmTC_5e248.dir/build
Building C object CMakeFiles/cmTC_5e248.dir/src.c.o
/Applications/Xcode.app/Contents/Developer/Toolchains/XcodeDefault.xctoolchain/usr/bin/cc   -fno-exceptions -fno-strict-aliasing -Qunused-arguments -DHAVE_TM_ZONE_value   -o CMakeFiles/cmTC_5e248.dir/src.c.o   -c /Users/bond/braid/webkit/CMakeFiles/CMakeTmp/src.c
Linking C executable cmTC_5e248
/usr/local/Cellar/cmake/3.8.1/bin/cmake -E cmake_link_script CMakeFiles/cmTC_5e248.dir/link.txt --verbose=1
/Applications/Xcode.app/Contents/Developer/Toolchains/XcodeDefault.xctoolchain/usr/bin/cc  -fno-exceptions -fno-strict-aliasing -Qunused-arguments -DHAVE_TM_ZONE_value -Wl,-search_paths_first -Wl,-headerpad_max_install_names   CMakeFiles/cmTC_5e248.dir/src.c.o  -o cmTC_5e248 

Source file was:

#include <time.h>

int main()
{
   (void)sizeof(((struct tm *)0)->tm_zone);
   return 0;
}

Determining if the include file sys/types.h exists passed with the following output:
Change Dir: /Users/bond/braid/webkit/CMakeFiles/CMakeTmp

Run Build Command:"/usr/bin/make" "cmTC_a28fa/fast"
/Applications/Xcode.app/Contents/Developer/usr/bin/make -f CMakeFiles/cmTC_a28fa.dir/build.make CMakeFiles/cmTC_a28fa.dir/build
Building C object CMakeFiles/cmTC_a28fa.dir/CheckIncludeFile.c.o
/Applications/Xcode.app/Contents/Developer/Toolchains/XcodeDefault.xctoolchain/usr/bin/cc   -fno-exceptions -fno-strict-aliasing -Qunused-arguments    -o CMakeFiles/cmTC_a28fa.dir/CheckIncludeFile.c.o   -c /Users/bond/braid/webkit/CMakeFiles/CMakeTmp/CheckIncludeFile.c
Linking C executable cmTC_a28fa
/usr/local/Cellar/cmake/3.8.1/bin/cmake -E cmake_link_script CMakeFiles/cmTC_a28fa.dir/link.txt --verbose=1
/Applications/Xcode.app/Contents/Developer/Toolchains/XcodeDefault.xctoolchain/usr/bin/cc  -fno-exceptions -fno-strict-aliasing -Qunused-arguments  -Wl,-search_paths_first -Wl,-headerpad_max_install_names   CMakeFiles/cmTC_a28fa.dir/CheckIncludeFile.c.o  -o cmTC_a28fa 


Determining if the include file stdint.h exists passed with the following output:
Change Dir: /Users/bond/braid/webkit/CMakeFiles/CMakeTmp

Run Build Command:"/usr/bin/make" "cmTC_3e6fd/fast"
/Applications/Xcode.app/Contents/Developer/usr/bin/make -f CMakeFiles/cmTC_3e6fd.dir/build.make CMakeFiles/cmTC_3e6fd.dir/build
Building C object CMakeFiles/cmTC_3e6fd.dir/CheckIncludeFile.c.o
/Applications/Xcode.app/Contents/Developer/Toolchains/XcodeDefault.xctoolchain/usr/bin/cc   -fno-exceptions -fno-strict-aliasing -Qunused-arguments    -o CMakeFiles/cmTC_3e6fd.dir/CheckIncludeFile.c.o   -c /Users/bond/braid/webkit/CMakeFiles/CMakeTmp/CheckIncludeFile.c
Linking C executable cmTC_3e6fd
/usr/local/Cellar/cmake/3.8.1/bin/cmake -E cmake_link_script CMakeFiles/cmTC_3e6fd.dir/link.txt --verbose=1
/Applications/Xcode.app/Contents/Developer/Toolchains/XcodeDefault.xctoolchain/usr/bin/cc  -fno-exceptions -fno-strict-aliasing -Qunused-arguments  -Wl,-search_paths_first -Wl,-headerpad_max_install_names   CMakeFiles/cmTC_3e6fd.dir/CheckIncludeFile.c.o  -o cmTC_3e6fd 


Determining if the include file stddef.h exists passed with the following output:
Change Dir: /Users/bond/braid/webkit/CMakeFiles/CMakeTmp

Run Build Command:"/usr/bin/make" "cmTC_c463d/fast"
/Applications/Xcode.app/Contents/Developer/usr/bin/make -f CMakeFiles/cmTC_c463d.dir/build.make CMakeFiles/cmTC_c463d.dir/build
Building C object CMakeFiles/cmTC_c463d.dir/CheckIncludeFile.c.o
/Applications/Xcode.app/Contents/Developer/Toolchains/XcodeDefault.xctoolchain/usr/bin/cc   -fno-exceptions -fno-strict-aliasing -Qunused-arguments    -o CMakeFiles/cmTC_c463d.dir/CheckIncludeFile.c.o   -c /Users/bond/braid/webkit/CMakeFiles/CMakeTmp/CheckIncludeFile.c
Linking C executable cmTC_c463d
/usr/local/Cellar/cmake/3.8.1/bin/cmake -E cmake_link_script CMakeFiles/cmTC_c463d.dir/link.txt --verbose=1
/Applications/Xcode.app/Contents/Developer/Toolchains/XcodeDefault.xctoolchain/usr/bin/cc  -fno-exceptions -fno-strict-aliasing -Qunused-arguments  -Wl,-search_paths_first -Wl,-headerpad_max_install_names   CMakeFiles/cmTC_c463d.dir/CheckIncludeFile.c.o  -o cmTC_c463d 


Determining size of __int128_t passed with the following output:
Change Dir: /Users/bond/braid/webkit/CMakeFiles/CMakeTmp

Run Build Command:"/usr/bin/make" "cmTC_4fa1e/fast"
/Applications/Xcode.app/Contents/Developer/usr/bin/make -f CMakeFiles/cmTC_4fa1e.dir/build.make CMakeFiles/cmTC_4fa1e.dir/build
Building C object CMakeFiles/cmTC_4fa1e.dir/INT128_VALUE.c.o
/Applications/Xcode.app/Contents/Developer/Toolchains/XcodeDefault.xctoolchain/usr/bin/cc   -fno-exceptions -fno-strict-aliasing -Qunused-arguments    -o CMakeFiles/cmTC_4fa1e.dir/INT128_VALUE.c.o   -c /Users/bond/braid/webkit/CMakeFiles/CheckTypeSize/INT128_VALUE.c
Linking C executable cmTC_4fa1e
/usr/local/Cellar/cmake/3.8.1/bin/cmake -E cmake_link_script CMakeFiles/cmTC_4fa1e.dir/link.txt --verbose=1
/Applications/Xcode.app/Contents/Developer/Toolchains/XcodeDefault.xctoolchain/usr/bin/cc  -fno-exceptions -fno-strict-aliasing -Qunused-arguments  -Wl,-search_paths_first -Wl,-headerpad_max_install_names   CMakeFiles/cmTC_4fa1e.dir/INT128_VALUE.c.o  -o cmTC_4fa1e 


Determining if the include file pthread.h exists passed with the following output:
Change Dir: /Users/bond/braid/webkit/CMakeFiles/CMakeTmp

Run Build Command:"/usr/bin/make" "cmTC_6793c/fast"
/Applications/Xcode.app/Contents/Developer/usr/bin/make -f CMakeFiles/cmTC_6793c.dir/build.make CMakeFiles/cmTC_6793c.dir/build
Building C object CMakeFiles/cmTC_6793c.dir/CheckIncludeFile.c.o
/Applications/Xcode.app/Contents/Developer/Toolchains/XcodeDefault.xctoolchain/usr/bin/cc   -fno-exceptions -fno-strict-aliasing -Qunused-arguments    -o CMakeFiles/cmTC_6793c.dir/CheckIncludeFile.c.o   -c /Users/bond/braid/webkit/CMakeFiles/CMakeTmp/CheckIncludeFile.c
Linking C executable cmTC_6793c
/usr/local/Cellar/cmake/3.8.1/bin/cmake -E cmake_link_script CMakeFiles/cmTC_6793c.dir/link.txt --verbose=1
/Applications/Xcode.app/Contents/Developer/Toolchains/XcodeDefault.xctoolchain/usr/bin/cc  -fno-exceptions -fno-strict-aliasing -Qunused-arguments  -Wl,-search_paths_first -Wl,-headerpad_max_install_names   CMakeFiles/cmTC_6793c.dir/CheckIncludeFile.c.o  -o cmTC_6793c 


Determining if the pthread_create exist passed with the following output:
Change Dir: /Users/bond/braid/webkit/CMakeFiles/CMakeTmp

Run Build Command:"/usr/bin/make" "cmTC_94304/fast"
/Applications/Xcode.app/Contents/Developer/usr/bin/make -f CMakeFiles/cmTC_94304.dir/build.make CMakeFiles/cmTC_94304.dir/build
Building C object CMakeFiles/cmTC_94304.dir/CheckSymbolExists.c.o
/Applications/Xcode.app/Contents/Developer/Toolchains/XcodeDefault.xctoolchain/usr/bin/cc   -fno-exceptions -fno-strict-aliasing -Qunused-arguments    -o CMakeFiles/cmTC_94304.dir/CheckSymbolExists.c.o   -c /Users/bond/braid/webkit/CMakeFiles/CMakeTmp/CheckSymbolExists.c
Linking C executable cmTC_94304
/usr/local/Cellar/cmake/3.8.1/bin/cmake -E cmake_link_script CMakeFiles/cmTC_94304.dir/link.txt --verbose=1
/Applications/Xcode.app/Contents/Developer/Toolchains/XcodeDefault.xctoolchain/usr/bin/cc  -fno-exceptions -fno-strict-aliasing -Qunused-arguments  -Wl,-search_paths_first -Wl,-headerpad_max_install_names   CMakeFiles/cmTC_94304.dir/CheckSymbolExists.c.o  -o cmTC_94304 

File /Users/bond/braid/webkit/CMakeFiles/CMakeTmp/CheckSymbolExists.c:
/* */
#include <pthread.h>

int main(int argc, char** argv)
{
  (void)argv;
#ifndef pthread_create
  return ((int*)(&pthread_create))[argc];
#else
  (void)argc;
  return 0;
#endif
}

